[11:56:02] [Server thread/INFO]: mingblanc[/221.205.209.105:12626] logged in with entity id 2087 at (714.0147784783227, 64.0, 754.4000571789804)
[11:56:02] [Server thread/INFO]: mingblanc joined the game
[11:57:35] [Server thread/INFO]: mingblanc fell out of the world
[11:57:40] [Server thread/WARN]: Can't keep up! Did the system time change, or is the server overloaded? Running 2620ms behind, skipping 52 tick(s)
[11:58:16] [Server thread/INFO]: [mingblanc: Changing to clear weather]
[12:11:04] [Server thread/INFO]: [mingblanc: Teleported mingblanc to 314.5,60.5,260.5]
[12:11:16] [Server thread/INFO]: [mingblanc: Teleported mingblanc to -21.5,60.5,-330.5]
[12:11:30] [Server thread/INFO]: [mingblanc: Teleported mingblanc to -511.5,60.5,37.5]
[12:13:38] [Server thread/INFO]: [mingblanc: Teleported mingblanc to -1.5,60.5,5.5]
[12:23:35] [Server thread/INFO]: mingblanc fell out of the world
[12:23:48] [Server thread/INFO]: [mingblanc: Teleported mingblanc to -898.5,71.5,-195.5]
[12:24:14] [Server thread/INFO]: [mingblanc: Set mingblanc's spawn point to (-902, 71, -180)]
[12:24:25] [Server thread/INFO]: [mingblanc: Set mingblanc's spawn point to (-903, 71, -180)]
[12:24:34] [Server thread/INFO]: mingblanc fell out of the world
[12:27:35] [Server thread/INFO]: [mingblanc: Teleported mingblanc to -898.5,71.5,-195.5]
[12:28:16] [Server thread/INFO]: mingblanc lost connection: TextComponent{text='Disconnected', siblings=[], style=Style{hasParent=false, color=null, bold=null, italic=null, underlined=null, obfuscated=null, clickEvent=null, hoverEvent=null}}
[12:28:16] [Server thread/INFO]: mingblanc left the game
[12:28:34] [Server thread/INFO]: mingblanc[/221.205.209.105:13332] logged in with entity id 55394 at (-920.2641353574197, 70.0, -163.71019832654537)
[12:28:34] [Server thread/INFO]: mingblanc joined the game
[12:30:28] [Server thread/INFO]: mingblanc lost connection: TextComponent{text='Disconnected', siblings=[], style=Style{hasParent=false, color=null, bold=null, italic=null, underlined=null, obfuscated=null, clickEvent=null, hoverEvent=null}}
[12:30:28] [Server thread/INFO]: mingblanc left the game
[12:30:49] [Server thread/INFO]: Stopping the server
[12:30:49] [Server thread/INFO]: Stopping server
[12:30:49] [Server thread/INFO]: Saving players
[12:30:49] [Server thread/INFO]: Saving worlds
[12:30:49] [Server thread/INFO]: Saving chunks for level 'world'/Overworld
[12:30:49] [Server thread/INFO]: Saving chunks for level 'world'/Nether
